[065月2026 05:25:11.628] [main/INFO] [net.neoforged.fml.startup.Entrypoint/]: JVM Uptime at startup: 314ms
[065月2026 05:25:11.658] [main/INFO] [net.neoforged.fml.loading.FMLLoader/]: Starting FancyModLoader version 11.0.13 (CLIENT in DEV)
[065月2026 05:25:11.659] [main/INFO] [net.neoforged.fml.loading.FMLLoader/]: Game directory: D:\Desktop\linkedsoulspact-template-26.1.2\run-client-b
[065月2026 05:25:11.758] [main/INFO] [net.neoforged.fml.loading.EarlyServiceDiscovery/]: Found 2 early service jars (out of 108) in 44ms
[065月2026 05:25:11.760] [main/INFO] [net.neoforged.fml.loading.FMLLoader/]: Loading FML Early Services:
[065月2026 05:25:11.760] [main/INFO] [net.neoforged.fml.loading.FMLLoader/]:  - C:/Users/14795/.gradle/caches/modules-2/files-2.1/net.neoforged.fancymodloader/loader/11.0.13/c9c89eaf35535990110088224d188748d81eaecf/loader-11.0.13.jar
[065月2026 05:25:11.761] [main/INFO] [net.neoforged.fml.loading.FMLLoader/]:  - C:/Users/14795/.gradle/caches/modules-2/files-2.1/net.neoforged.fancymodloader/earlydisplay/11.0.13/491a1bedecb33802fa118cae384b60f91f6f0241/earlydisplay-11.0.13.jar
[065月2026 05:25:11.771] [main/INFO] [net.neoforged.fml.loading.ImmediateWindowHandler/]: Loading ImmediateWindowProvider fmlearlywindow
[065月2026 05:25:14.780] [ForkJoinPool.commonPool-worker-17/INFO] [net.neoforged.fml.loading.moddiscovery.locators.GameLocator/]: Detected a joined NeoForge and Minecraft configuration. Applying filtering...
[065月2026 05:25:15.007] [ForkJoinPool.commonPool-worker-17/INFO] [net.neoforged.fml.loading.moddiscovery.locators.InDevFolderLocator/CORE]: Got mod coordinates letter_signal_phone%%D:\\Desktop\\linkedsoulspact-template-26.1.2\\build\\classes\\java\\main;letter_signal_phone%%D:\\Desktop\\linkedsoulspact-template-26.1.2\\build\\resources\\main from env
[065月2026 05:25:15.186] [fml-loadingscreen/INFO] [net.neoforged.fml.earlydisplay.render.LoadingScreenRenderer/]: GL info: NVIDIA GeForce RTX 4080/PCIe/SSE2 GL version 3.3.0 NVIDIA 591.86, NVIDIA Corporation
[065月2026 05:25:15.306] [ForkJoinPool.commonPool-worker-17/INFO] [net.neoforged.fml.loading.moddiscovery.locators.JarInJarDependencyLocator/]: Found 2 dependencies adding them to mods collection
[065月2026 05:25:15.312] [ForkJoinPool.commonPool-worker-17/INFO] [net.neoforged.fml.loading.moddiscovery.ModDiscoverer/]: 
     Mod List:
		Name Version (Mod Id)

		Letter,Signal,Phone 1.0.0 (letter_signal_phone)
		Minecraft 26.1.2 (minecraft)
		NeoForge 26.1.2.36-beta (neoforge)
[065月2026 05:25:15.768] [main/INFO] [mixin/]: SpongePowered MIXIN Subsystem Version=0.8.7 Source=file:/C:/Users/14795/.gradle/caches/modules-2/files-2.1/net.fabricmc/sponge-mixin/0.17.3+mixin.0.8.7/41c4a3984a80f4679e759fb9f495587acc5cdac7/sponge-mixin-0.17.3+mixin.0.8.7.jar Service=FML Env=CLIENT
[065月2026 05:25:15.826] [main/INFO] [net.neoforged.fml.loading.FMLLoader/]: Loading FML Plugins:
[065月2026 05:25:15.828] [main/INFO] [net.neoforged.fml.loading.FMLLoader/]:  - C:/Users/14795/.gradle/caches/modules-2/files-2.1/net.neoforged/neoforge/26.1.2.36-beta/1812796aefe46554e3f4f32062374971638dcb0c/neoforge-26.1.2.36-beta-universal.jar > net.neoforged.neoforge-coremods-26.1.2.36-beta.jar
[065月2026 05:25:16.036] [main/INFO] [net.neoforged.fml.loading.FMLLoader/]: Building game content classloader:
 - letter_signal_phone (composite(folder(D:/Desktop/linkedsoulspact-template-26.1.2/build/classes/java/main), folder(D:/Desktop/linkedsoulspact-template-26.1.2/build/resources/main)))
 - minecraft (composite(filtered(jar(D:/Desktop/linkedsoulspact-template-26.1.2/build/moddev/artifacts/minecraft-patched-26.1.2.36-beta.jar)), filtered(jar(D:/Desktop/linkedsoulspact-template-26.1.2/build/moddev/artifacts/minecraft-patched-26.1.2.36-beta.jar))))
 - mixinextras.neoforge (jar(C:/Users/14795/.gradle/caches/modules-2/files-2.1/net.neoforged/neoforge/26.1.2.36-beta/1812796aefe46554e3f4f32062374971638dcb0c/neoforge-26.1.2.36-beta-universal.jar > mixinextras-neoforge-0.5.4.jar))
 - neoforge (composite(filtered(jar(C:/Users/14795/.gradle/caches/modules-2/files-2.1/net.neoforged/neoforge/26.1.2.36-beta/1812796aefe46554e3f4f32062374971638dcb0c/neoforge-26.1.2.36-beta-universal.jar))))
 - net.neoforged.fml.generated (empty(VirtualJar/net.neoforged.fml.generated))
[065月2026 05:25:16.062] [main/INFO] [net.neoforged.fml.loading.FMLLoader/]: Built game content classloader in 43ms
[065月2026 05:25:16.170] [main/INFO] [mixin/]: Compatibility level set to JAVA_25
[065月2026 05:25:19.155] [Datafixer Bootstrap/INFO] [com.mojang.datafixers.DataFixerBuilder/]: 294 Datafixer optimizations took 982 milliseconds
[065月2026 05:25:19.557] [pool-8-thread-1/INFO] [MixinExtras|Service/]: Initializing MixinExtras via com.llamalad7.mixinextras.service.MixinExtrasServiceImpl(version=0.5.4).
[065月2026 05:25:29.154] [main/WARN] [net.minecraft.commands.Commands/]: Ambiguity between arguments [teleport, location] and [teleport, destination] with inputs: [0.1 -0.5 .9, 0 0 0]
[065月2026 05:25:29.160] [main/WARN] [net.minecraft.commands.Commands/]: Ambiguity between arguments [teleport, location] and [teleport, targets] with inputs: [0.1 -0.5 .9, 0 0 0]
[065月2026 05:25:29.172] [main/WARN] [net.minecraft.commands.Commands/]: Ambiguity between arguments [teleport, destination] and [teleport, targets] with inputs: [Player, 0123, @e, dd12be42-52a9-4a91-a8a1-11c01849e498]
[065月2026 05:25:29.176] [main/WARN] [net.minecraft.commands.Commands/]: Ambiguity between arguments [teleport, targets] and [teleport, destination] with inputs: [Player, 0123, dd12be42-52a9-4a91-a8a1-11c01849e498]
[065月2026 05:25:29.179] [main/WARN] [net.minecraft.commands.Commands/]: Ambiguity between arguments [teleport, targets, location] and [teleport, targets, destination] with inputs: [0.1 -0.5 .9, 0 0 0]
[065月2026 05:25:29.185] [main/WARN] [net.minecraft.commands.Commands/]: Ambiguity between arguments [time, set, time] and [time, set, timemarker] with inputs: [0, 0s, 0d, 0t]
[065月2026 05:25:29.188] [main/WARN] [net.minecraft.commands.Commands/]: Ambiguity between arguments [time, set, timemarker] and [time, set, time] with inputs: [012]
[065月2026 05:25:29.193] [main/WARN] [net.minecraft.commands.Commands/]: Ambiguity between arguments [time, of, clock, set, time] and [time, of, clock, set, timemarker] with inputs: [0, 0s, 0d, 0t]
[065月2026 05:25:29.197] [main/WARN] [net.minecraft.commands.Commands/]: Ambiguity between arguments [time, of, clock, set, timemarker] and [time, of, clock, set, time] with inputs: [012]
[065月2026 05:25:29.201] [main/WARN] [net.minecraft.commands.Commands/]: Ambiguity between arguments [waypoint, modify, waypoint, color, reset] and [waypoint, modify, waypoint, color, color] with inputs: [reset]
[065月2026 05:25:29.360] [modloading-worker-0/INFO] [net.neoforged.neoforge.common.NeoForgeMod/NEOFORGE-MOD]: NeoForge mod loading, version 26.1.2.36-beta, for MC 26.1.2
[065月2026 05:25:30.485] [Render thread/INFO] [com.mojang.authlib.yggdrasil.YggdrasilAuthenticationService/]: Environment: Environment[sessionHost=https://sessionserver.mojang.com, servicesHost=https://api.minecraftservices.com, profilesHost=https://api.mojang.com, name=PROD]
[065月2026 05:25:30.526] [Render thread/INFO] [net.minecraft.client.Minecraft/]: Setting user: PlayerB
[065月2026 05:25:30.751] [Render thread/INFO] [net.minecraft.client.Minecraft/]: Backend library: LWJGL version 3.4.1+2
[065月2026 05:25:31.139] [Render thread/INFO] [net.minecraft.client.Minecraft/]: Using optional rendering extensions: GL_ARB_buffer_storage, GL_KHR_debug, GL_ARB_vertex_attrib_binding, GL_ARB_direct_state_access, GL_EXT_texture_filter_anisotropic
[065月2026 05:25:32.940] [Render thread/INFO] [net.minecraft.server.packs.resources.ReloadableResourceManager/]: Reloading ResourceManager: vanilla, mod_resources, mod/neoforge, mod/letter_signal_phone
[065月2026 05:25:33.116] [resourceLoad/INFO] [net.minecraft.client.gui.font.providers.UnihexProvider/]: Found unifont_pua-17.0.01.hex, loading
[065月2026 05:25:33.142] [resourceLoad/INFO] [net.minecraft.client.gui.font.providers.UnihexProvider/]: Found unifont_all_no_pua-17.0.01.hex, loading
[065月2026 05:25:33.330] [resourceLoad/INFO] [net.minecraft.client.gui.font.providers.UnihexProvider/]: Found unifont_jp_patch-17.0.01.hex, loading
[065月2026 05:25:34.775] [Render thread/WARN] [com.mojang.blaze3d.opengl.GlProgram/]: neoforge:pipeline/item_translucent_unlit shader program does not use sampler Sampler2 defined in the pipeline. This might be a bug.
[065月2026 05:25:34.802] [Render thread/WARN] [com.mojang.blaze3d.opengl.GlProgram/]: neoforge:pipeline/item_cutout_unlit shader program does not use sampler Sampler2 defined in the pipeline. This might be a bug.
[065月2026 05:25:34.948] [Render thread/INFO] [com.mojang.blaze3d.audio.Library/]: OpenAL initialized on device OpenAL Soft on Headphones (V13U PRO)
[065月2026 05:25:34.957] [Render thread/INFO] [net.minecraft.client.sounds.SoundEngine/SOUNDS]: Sound engine started
[065月2026 05:25:34.959] [Render thread/INFO] [net.minecraft.client.renderer.texture.TextureAtlas/]: Created: 512x256x0 minecraft:textures/atlas/particles.png-atlas
[065月2026 05:25:34.998] [Render thread/INFO] [net.minecraft.client.renderer.texture.TextureAtlas/]: Created: 128x128x0 minecraft:textures/atlas/decorated_pot.png-atlas
[065月2026 05:25:35.003] [Render thread/INFO] [net.minecraft.client.renderer.texture.TextureAtlas/]: Created: 2048x1024x0 minecraft:textures/atlas/armor_trims.png-atlas
[065月2026 05:25:35.053] [Render thread/INFO] [net.minecraft.client.renderer.texture.TextureAtlas/]: Created: 512x256x0 minecraft:textures/atlas/paintings.png-atlas
[065月2026 05:25:35.079] [Render thread/INFO] [net.minecraft.client.renderer.texture.TextureAtlas/]: Created: 1024x512x0 minecraft:textures/atlas/shield_patterns.png-atlas
[065月2026 05:25:35.083] [Render thread/INFO] [net.minecraft.client.renderer.texture.TextureAtlas/]: Created: 2048x2048x4 minecraft:textures/atlas/blocks.png-atlas
[065月2026 05:25:35.215] [Render thread/INFO] [net.minecraft.client.renderer.texture.TextureAtlas/]: Created: 512x512x0 minecraft:textures/atlas/chest.png-atlas
[065月2026 05:25:35.221] [Render thread/INFO] [net.minecraft.client.renderer.texture.TextureAtlas/]: Created: 256x128x0 minecraft:textures/atlas/celestials.png-atlas
[065月2026 05:25:35.223] [Render thread/INFO] [net.minecraft.client.renderer.texture.TextureAtlas/]: Created: 1024x512x0 minecraft:textures/atlas/banner_patterns.png-atlas
[065月2026 05:25:35.227] [Render thread/INFO] [net.minecraft.client.renderer.texture.TextureAtlas/]: Created: 512x512x0 minecraft:textures/atlas/beds.png-atlas
[065月2026 05:25:35.233] [Render thread/INFO] [net.minecraft.client.renderer.texture.TextureAtlas/]: Created: 1024x512x0 minecraft:textures/atlas/items.png-atlas
[065月2026 05:25:35.261] [Render thread/INFO] [net.minecraft.client.renderer.texture.TextureAtlas/]: Created: 1024x1024x0 minecraft:textures/atlas/gui.png-atlas
[065月2026 05:25:35.287] [Render thread/INFO] [net.minecraft.client.renderer.texture.TextureAtlas/]: Created: 128x64x0 minecraft:textures/atlas/map_decorations.png-atlas
[065月2026 05:25:35.301] [Render thread/INFO] [net.minecraft.client.renderer.texture.TextureAtlas/]: Created: 512x256x0 minecraft:textures/atlas/signs.png-atlas
[065月2026 05:25:35.304] [Render thread/INFO] [net.minecraft.client.renderer.texture.TextureAtlas/]: Created: 512x512x0 minecraft:textures/atlas/shulker_boxes.png-atlas
[065月2026 05:25:35.574] [Render thread/INFO] [net.neoforged.neoforge.client.entity.animation.json.AnimationLoader/]: Loaded 0 entity animations
[065月2026 05:25:35.912] [Render thread/WARN] [net.minecraft.client.particle.ParticleResources/]: Missing particle sprites: letter_signal_phone:item/letter_coming_icon
[065月2026 05:37:31.694] [Render thread/WARN] [net.minecraft.client.gui.screens.multiplayer.JoinMultiplayerScreen/]: Unable to start LAN server detection: No route to host: setsockopt
[065月2026 05:37:32.961] [Render thread/INFO] [net.minecraft.client.gui.screens.ConnectScreen/]: Connecting to 127.0.0.1, 25565
[065月2026 05:37:36.640] [Render thread/WARN] [net.minecraft.client.multiplayer.ClientPacketListener/]: Ignoring chat session from PlayerA due to missing Services public key
[065月2026 05:37:36.642] [Render thread/WARN] [net.minecraft.client.multiplayer.ClientPacketListener/]: Ignoring chat session from PlayerB due to missing Services public key
[065月2026 05:37:36.691] [Render thread/INFO] [net.minecraft.advancements.AdvancementTree/]: Loaded 2 advancements
[065月2026 05:37:37.123] [Render thread/INFO] [net.minecraft.client.renderer.DynamicUniformStorage/]: Resizing Dynamic Transforms UBO, capacity limit of 2 reached during a single frame. New capacity will be 4.
[065月2026 05:37:37.240] [Render thread/INFO] [net.minecraft.client.renderer.DynamicUniformStorage/]: Resizing Dynamic Transforms UBO, capacity limit of 4 reached during a single frame. New capacity will be 8.
[065月2026 05:37:37.619] [Render thread/INFO] [net.minecraft.client.renderer.DynamicUniformStorage/]: Resizing Chunk Sections UBO, capacity limit of 2 reached during a single frame. New capacity will be 8.
[065月2026 05:37:37.677] [Render thread/INFO] [net.minecraft.client.renderer.DynamicUniformStorage/]: Resizing Dynamic Transforms UBO, capacity limit of 8 reached during a single frame. New capacity will be 16.
[065月2026 05:37:37.880] [Render thread/INFO] [net.minecraft.client.renderer.DynamicUniformStorage/]: Resizing Chunk Sections UBO, capacity limit of 8 reached during a single frame. New capacity will be 16.
[065月2026 05:37:38.533] [Render thread/INFO] [net.minecraft.client.renderer.DynamicUniformStorage/]: Resizing Chunk Sections UBO, capacity limit of 16 reached during a single frame. New capacity will be 32.
[065月2026 05:37:38.713] [Render thread/INFO] [net.minecraft.client.renderer.DynamicUniformStorage/]: Resizing Chunk Sections UBO, capacity limit of 32 reached during a single frame. New capacity will be 64.
[065月2026 05:37:38.913] [Render thread/INFO] [net.minecraft.client.renderer.DynamicUniformStorage/]: Resizing Chunk Sections UBO, capacity limit of 64 reached during a single frame. New capacity will be 128.
[065月2026 05:37:39.867] [Render thread/INFO] [net.minecraft.client.renderer.DynamicUniformStorage/]: Resizing Chunk Sections UBO, capacity limit of 128 reached during a single frame. New capacity will be 256.
[065月2026 05:37:41.075] [Render thread/INFO] [net.minecraft.client.renderer.DynamicUniformStorage/]: Resizing Chunk Sections UBO, capacity limit of 256 reached during a single frame. New capacity will be 512.
[065月2026 05:37:43.516] [Render thread/INFO] [net.minecraft.client.gui.components.ChatComponent/]: [Not Secure] [CHAT] <PlayerB> 1
[065月2026 05:39:12.464] [Render thread/INFO] [net.minecraft.client.gui.components.ChatComponent/]: [System] [CHAT] PlayerA退出了游戏
[065月2026 05:39:17.243] [Render thread/INFO] [net.minecraft.client.Minecraft/]: Stopping!
